============================= test session starts =============================
platform win32 -- Python 3.11.9, pytest-9.1.1, pluggy-1.6.0 -- C:\Users\sindh\OneDrive\Desktop\pulse\.venv\Scripts\python.exe
cachedir: .pytest_cache
rootdir: C:\Users\sindh\OneDrive\Desktop\pulse
configfile: pyproject.toml
plugins: anyio-4.14.1, asyncio-1.4.0
asyncio: mode=Mode.AUTO, debug=False, asyncio_default_fixture_loop_scope=function, asyncio_default_test_loop_scope=function
collecting ... collected 301 items

tests/test_agent_manager.py::test_agent_manager_dynamic_assignment PASSED [  0%]
tests/test_agent_manager.py::test_agent_manager_parallel_execution PASSED [  0%]
tests/test_agent_manager.py::test_agent_manager_run_response PASSED      [  0%]
tests/test_agent_manager.py::test_specialized_agents_initialization PASSED [  1%]
tests/test_agent_manager.py::test_collaboration_context PASSED           [  1%]
tests/test_auth.py::test_pkce_generation PASSED                          [  1%]
tests/test_auth.py::test_state_generation PASSED                         [  2%]
tests/test_auth.py::test_jwt_payload_decoding PASSED                     [  2%]
tests/test_auth.py::test_secure_token_store PASSED                       [  2%]
tests/test_auth.py::test_is_authenticated_initial_state PASSED           [  3%]
tests/test_auth.py::test_authorization_url_construction PASSED           [  3%]
tests/test_auth.py::test_exchange_code_for_tokens PASSED                 [  3%]
tests/test_auth.py::test_refresh_session_success PASSED                  [  4%]
tests/test_auth.py::test_logout PASSED                                   [  4%]
tests/test_auth.py::test_legacy_auth_manager_compatibility PASSED        [  4%]
tests/test_ci.py::test_github_client_methods PASSED                      [  5%]
tests/test_ci.py::test_cirunner_run_pr PASSED                            [  5%]
tests/test_ci.py::test_cli_ci_command PASSED                             [  5%]
tests/test_cli_entrypoint.py::test_cli_module_entrypoint_shows_help PASSED [  6%]
tests/test_cli_flow.py::test_agent_ask_can_auto_approve_reads_without_prompting PASSED [  6%]
tests/test_cli_flow.py::test_agent_ask_does_not_touch_files_for_normal_conversation PASSED [  6%]
tests/test_cli_flow.py::test_agent_ask_prints_model_failure_without_raising PASSED [  7%]
tests/test_cli_flow.py::test_agent_uses_repository_search_results_as_pre_llm_context PASSED [  7%]
tests/test_cli_flow.py::test_agent_supplies_long_term_memory_before_model_call PASSED [  7%]
tests/test_context.py::test_build_returns_built_context PASSED           [  8%]
tests/test_context.py::test_sources_gathered_concurrently PASSED         [  8%]
tests/test_context.py::test_ranking_orders_by_relevance PASSED           [  8%]
tests/test_context.py::test_token_budget_respected PASSED                [  9%]
tests/test_context.py::test_compression_triggers PASSED                  [  9%]
tests/test_context.py::test_memory_source PASSED                         [  9%]
tests/test_context.py::test_git_source PASSED                            [ 10%]
tests/test_context.py::test_git_source_non_repo PASSED                   [ 10%]
tests/test_context.py::test_repository_source PASSED                     [ 10%]
tests/test_context.py::test_active_file_source PASSED                    [ 11%]
tests/test_context.py::test_active_file_source_no_file PASSED            [ 11%]
tests/test_context.py::test_active_file_source_missing_file PASSED       [ 11%]
tests/test_context.py::test_cache_hit PASSED                             [ 12%]
tests/test_context.py::test_cache_miss_after_ttl PASSED                  [ 12%]
tests/test_context.py::test_custom_source_registered PASSED              [ 12%]
tests/test_context.py::test_orchestrator_integration PASSED              [ 13%]
tests/test_context.py::test_as_strings_returns_list_of_str PASSED        [ 13%]
tests/test_context.py::test_empty_request_graceful PASSED                [ 13%]
tests/test_context.py::test_user_intent_source_extracts_actions PASSED   [ 14%]
tests/test_context.py::test_conversation_history_source PASSED           [ 14%]
tests/test_context.py::test_estimate_tokens_non_zero PASSED              [ 14%]
tests/test_context.py::test_context_manager_no_sources PASSED            [ 15%]
tests/test_context.py::test_failing_source_does_not_crash_build PASSED   [ 15%]
tests/test_conversation_manager.py::TestCreate::test_create_returns_conversation PASSED [ 15%]
tests/test_conversation_manager.py::TestCreate::test_create_with_title PASSED [ 16%]
tests/test_conversation_manager.py::TestCreate::test_create_sets_active PASSED [ 16%]
tests/test_conversation_manager.py::TestCreate::test_create_stored_in_list PASSED [ 16%]
tests/test_conversation_manager.py::TestAutoTitle::test_short_message PASSED [ 17%]
tests/test_conversation_manager.py::TestAutoTitle::test_long_message_truncated PASSED [ 17%]
tests/test_conversation_manager.py::TestAutoTitle::test_auto_title_with_ellipsis PASSED [ 17%]
tests/test_conversation_manager.py::TestAutoTitle::test_whitespace_normalized PASSED [ 18%]
tests/test_conversation_manager.py::TestListAll::test_empty PASSED       [ 18%]
tests/test_conversation_manager.py::TestListAll::test_ordered_by_updated_at PASSED [ 18%]
tests/test_conversation_manager.py::TestListAll::test_turn_count_included PASSED [ 19%]
tests/test_conversation_manager.py::TestGet::test_get_existing PASSED    [ 19%]
tests/test_conversation_manager.py::TestGet::test_get_nonexistent PASSED [ 19%]
tests/test_conversation_manager.py::TestRename::test_rename PASSED       [ 20%]
tests/test_conversation_manager.py::TestRename::test_rename_strips_whitespace PASSED [ 20%]
tests/test_conversation_manager.py::TestRename::test_rename_nonexistent_raises PASSED [ 20%]
tests/test_conversation_manager.py::TestDelete::test_delete_removes_from_list PASSED [ 21%]
tests/test_conversation_manager.py::TestDelete::test_delete_cascades_turns PASSED [ 21%]
tests/test_conversation_manager.py::TestDelete::test_delete_clears_active PASSED [ 21%]
tests/test_conversation_manager.py::TestSwitch::test_switch_changes_active PASSED [ 22%]
tests/test_conversation_manager.py::TestSwitch::test_switch_nonexistent_raises PASSED [ 22%]
tests/test_conversation_manager.py::TestGetActive::test_no_active_on_fresh_db PASSED [ 22%]
tests/test_conversation_manager.py::TestGetActive::test_active_restored_after_switch PASSED [ 23%]
tests/test_conversation_manager.py::TestTurns::test_add_and_get_turns PASSED [ 23%]
tests/test_conversation_manager.py::TestTurns::test_turn_is_conversation_turn PASSED [ 23%]
tests/test_conversation_manager.py::TestTurns::test_add_turn_bumps_updated_at PASSED [ 24%]
tests/test_conversation_manager.py::TestTurns::test_empty_turns PASSED   [ 24%]
tests/test_conversation_manager.py::TestSearch::test_search_by_title PASSED [ 24%]
tests/test_conversation_manager.py::TestSearch::test_search_by_turn_content PASSED [ 25%]
tests/test_conversation_manager.py::TestSearch::test_search_empty_query_returns_all PASSED [ 25%]
tests/test_conversation_manager.py::TestSearch::test_search_no_match PASSED [ 25%]
tests/test_conversation_manager.py::TestSearch::test_search_case_insensitive PASSED [ 26%]
tests/test_conversation_manager.py::TestExportMarkdown::test_export_md_creates_file PASSED [ 26%]
tests/test_conversation_manager.py::TestExportMarkdown::test_export_md_structure PASSED [ 26%]
tests/test_conversation_manager.py::TestExportJson::test_export_json_creates_file PASSED [ 27%]
tests/test_conversation_manager.py::TestExportJson::test_export_json_structure PASSED [ 27%]
tests/test_conversation_manager.py::TestExportJson::test_export_nonexistent_raises PASSED [ 27%]
tests/test_conversation_manager.py::TestExportJson::test_export_auto_filename PASSED [ 28%]
tests/test_core_agent.py::test_agent_streams_response_and_retains_conversation_history PASSED [ 28%]
tests/test_core_agent.py::test_agent_selects_terminal_tool_without_calling_model PASSED [ 28%]
tests/test_dag_and_impact.py::test_dag_add_task PASSED                   [ 29%]
tests/test_dag_and_impact.py::test_dag_duplicate_task_raises PASSED      [ 29%]
tests/test_dag_and_impact.py::test_dag_dependency_and_execution_order PASSED [ 29%]
tests/test_dag_and_impact.py::test_dag_cycle_detection PASSED            [ 30%]
tests/test_dag_and_impact.py::test_dag_self_dependency_raises PASSED     [ 30%]
tests/test_dag_and_impact.py::test_dag_missing_node_dependency_raises PASSED [ 30%]
tests/test_dag_and_impact.py::test_ast_impact_analyzer_symbol_detection PASSED [ 31%]
tests/test_dag_and_impact.py::test_ast_impact_analyzer_no_match PASSED   [ 31%]
tests/test_dag_and_impact.py::test_ast_impact_analyzer_cross_reference PASSED [ 31%]
tests/test_edits.py::test_approved_edit_is_applied_and_tracked PASSED    [ 32%]
tests/test_edits.py::test_rejected_edit_is_discarded PASSED              [ 32%]
tests/test_edits.py::test_rollback_restores_last_approved_edit PASSED    [ 32%]
tests/test_episodic_rules.py::test_episodic_memory_log_trace PASSED      [ 33%]
tests/test_episodic_rules.py::test_episodic_memory_search_similar_resolutions PASSED [ 33%]
tests/test_episodic_rules.py::test_episodic_memory_get_all_traces PASSED [ 33%]
tests/test_episodic_rules.py::test_rule_synthesizer_no_traces PASSED     [ 34%]
tests/test_episodic_rules.py::test_rule_synthesizer_generates_rules PASSED [ 34%]
tests/test_episodic_rules.py::test_rule_synthesizer_threshold_filtering PASSED [ 34%]
tests/test_eval_harness.py::test_patch_verifier_fail_to_pass PASSED      [ 35%]
tests/test_eval_harness.py::test_patch_verifier_no_change PASSED         [ 35%]
tests/test_eval_harness.py::test_trajectory_logger_roundtrip PASSED      [ 35%]
tests/test_execution_loop_failover.py::test_failover_provider_success_primary[asyncio] PASSED [ 36%]
tests/test_execution_loop_failover.py::test_failover_provider_fallback_to_secondary[asyncio] PASSED [ 36%]
tests/test_execution_loop_failover.py::test_autonomous_loop_execution[asyncio] PASSED [ 36%]
tests/test_git.py::test_git_insight_tracks_branch_status_diff_and_commit_suggestion PASSED [ 37%]
tests/test_git.py::test_git_intelligence_handles_a_workspace_outside_a_repository PASSED [ 37%]
tests/test_mcp.py::test_mcp_client_empty_config PASSED                   [ 37%]
tests/test_mcp.py::test_mcp_client_missing_config PASSED                 [ 38%]
tests/test_mcp.py::test_mcp_client_registers_tools_from_manifest[asyncio] PASSED [ 38%]
tests/test_mcp.py::test_local_tool_loader_executes_tool[asyncio] PASSED  [ 38%]
tests/test_mcp.py::test_local_tool_loader_empty_dir PASSED               [ 39%]
tests/test_mcp.py::test_local_tool_loader_loads_valid_tool PASSED        [ 39%]
tests/test_mcp.py::test_local_tool_loader_skips_no_execute PASSED        [ 39%]
tests/test_mcp.py::test_local_tool_loader_skips_private_files PASSED     [ 40%]
tests/test_memory.py::test_memory_persists_project_context_and_user_preferences PASSED [ 40%]
tests/test_memory.py::test_memory_context_source_returns_relevant_context_before_agent_work PASSED [ 40%]
tests/test_mutations.py::test_tracker_records_create_modify_rename_and_delete_with_rollback_data PASSED [ 41%]
tests/test_mutations.py::test_tracker_marks_command_generated_files_and_writes_jsonl PASSED [ 41%]
tests/test_orchestrator_safety.py::test_safety_manager_risk_assessment PASSED [ 41%]
tests/test_orchestrator_safety.py::test_safety_manager_authorization[asyncio] PASSED [ 42%]
tests/test_orchestrator_safety.py::test_agent_orchestrator_deterministic[asyncio] PASSED [ 42%]
tests/test_patch.py::test_locate_node PASSED                             [ 42%]
tests/test_patch.py::test_apply_patch_replace PASSED                     [ 43%]
tests/test_patch.py::test_apply_patch_syntax_error PASSED                [ 43%]
tests/test_planner.py::test_request_planner_creates_an_ordered_conditional_plan PASSED [ 43%]
tests/test_planner.py::test_execution_plan_rejects_invalid_dependencies PASSED [ 44%]
tests/test_planner.py::test_agent_executes_plan_before_tool_dispatch PASSED [ 44%]
tests/test_provider.py::test_stream_chat_yields_text_chunks PASSED       [ 44%]
tests/test_provider.py::test_stream_chat_sends_configured_max_tokens PASSED [ 45%]
tests/test_provider.py::test_http_error_detail_uses_openrouter_json_message PASSED [ 45%]
tests/test_provider_manager.py::test_list_providers PASSED               [ 45%]
tests/test_provider_manager.py::test_save_and_get_active_selection PASSED [ 46%]
tests/test_provider_manager.py::test_model_metadata_lookup PASSED        [ 46%]
tests/test_provider_manager.py::test_validate_active_selection PASSED    [ 46%]
tests/test_provider_manager.py::test_api_key_detection PASSED            [ 47%]
tests/test_provider_manager.py::test_create_provider_instances PASSED    [ 47%]
tests/test_provider_manager.py::test_unsupported_provider_raises PASSED  [ 47%]
tests/test_provider_manager.py::test_provider_factory_compatibility PASSED [ 48%]
tests/test_provider_system.py::test_provider_factory_creates_gemini_provider PASSED [ 48%]
tests/test_provider_system.py::test_gemini_provider_streams_chunks PASSED [ 48%]
tests/test_reasoning.py::test_reason_empty_request PASSED                [ 49%]
tests/test_reasoning.py::test_analyze_intent_direct_answer PASSED        [ 49%]
tests/test_reasoning.py::test_analyze_intent_repo_search PASSED          [ 49%]
tests/test_reasoning.py::test_analyze_intent_file_edit PASSED            [ 50%]
tests/test_reasoning.py::test_analyze_intent_tool_execution PASSED       [ 50%]
tests/test_reasoning.py::test_select_strategy_high_risk PASSED           [ 50%]
tests/test_reasoning.py::test_select_strategy_file_edit_medium_risk PASSED [ 51%]
tests/test_reasoning.py::test_cot_sanitization PASSED                    [ 51%]
tests/test_reasoning.py::test_full_reasoning_workflow PASSED             [ 51%]
tests/test_reasoning.py::test_fallback_reasoning_when_provider_fails PASSED [ 52%]
tests/test_repository.py::test_index_extracts_folders_imports_and_symbols_and_reuses_unchanged_files PASSED [ 52%]
tests/test_repository.py::test_search_finds_filename_and_semantic_symbols_and_reindexes_changes PASSED [ 52%]
tests/test_repository.py::test_symbols_accepts_an_absolute_workspace_path_and_search_does_not_rewrite_unchanged_index PASSED [ 53%]
tests/test_rpc.py::test_json_rpc_dispatches_prompts_and_tool_commands PASSED [ 53%]
tests/test_rpc.py::test_json_rpc_rejects_invalid_requests_and_remote_edits PASSED [ 53%]
tests/test_runtime.py::test_build_runtime_composes_dependencies PASSED   [ 54%]
tests/test_runtime.py::test_build_runtime_uses_configured_provider PASSED [ 54%]
tests/test_sandbox.py::SandboxTests::test_workspace_escape_is_blocked PASSED [ 54%]
tests/test_sandbox_lifecycle_recovery.py::test_reconciliation_cleans_orphaned_containers[asyncio] SKIPPED [ 55%]
tests/test_sandbox_lifecycle_recovery.py::test_process_timeout_cleanup[asyncio] SKIPPED [ 55%]
tests/test_sandbox_phase1.py::test_sandbox_policy_defaults PASSED        [ 55%]
tests/test_sandbox_phase1.py::test_sandbox_policy_rule_precedence PASSED [ 56%]
tests/test_sandbox_phase1.py::test_sandbox_policy_inheritance PASSED     [ 56%]
tests/test_sandbox_phase1.py::test_sandbox_policy_json_roundtrip PASSED  [ 56%]
tests/test_sandbox_phase1.py::test_path_validator_workspace_containment PASSED [ 57%]
tests/test_sandbox_phase1.py::test_path_validator_traversal_prevention PASSED [ 57%]
tests/test_sandbox_phase1.py::test_path_validator_allowed_external_reads PASSED [ 57%]
tests/test_sandbox_phase1.py::test_secret_scrubber_exact_values PASSED   [ 58%]
tests/test_sandbox_phase1.py::test_secret_scrubber_builtin_patterns PASSED [ 58%]
tests/test_sandbox_phase1.py::test_structured_audit_logger PASSED        [ 58%]
tests/test_sandbox_phase2.py::test_resource_limiter_output_truncation PASSED [ 59%]
tests/test_sandbox_phase2.py::test_process_manager_successful_execution[asyncio] PASSED [ 59%]
tests/test_sandbox_phase2.py::test_process_manager_timeout_enforcement[asyncio] PASSED [ 59%]
tests/test_sandbox_phase2.py::test_process_manager_output_size_cap[asyncio] PASSED [ 60%]
tests/test_sandbox_phase3.py::test_container_backend_protocol_conformance PASSED [ 60%]
tests/test_sandbox_phase3.py::test_docker_backend_flag_generation PASSED [ 60%]
tests/test_sandbox_phase3.py::test_docker_backend_network_enabled PASSED [ 61%]
tests/test_sandbox_phase3.py::test_host_backend_execution[asyncio] PASSED [ 61%]
tests/test_sandbox_phase4.py::test_cow_staging_isolation PASSED          [ 61%]
tests/test_sandbox_phase4.py::test_cow_atomic_commit PASSED              [ 62%]
tests/test_sandbox_phase4.py::test_cow_stage_delete PASSED               [ 62%]
tests/test_sandbox_phase5.py::test_sandbox_facade_read_and_policy[asyncio] PASSED [ 62%]
tests/test_sandbox_phase5.py::test_sandbox_facade_cow_workflow[asyncio] PASSED [ 63%]
tests/test_sandbox_phase5.py::test_sandbox_facade_execute_command[asyncio] PASSED [ 63%]
tests/test_sandbox_phase5.py::test_safe_git_and_safe_python[asyncio] PASSED [ 63%]
tests/test_sandbox_phase7_network.py::test_network_policy_is_safe_ip PASSED [ 64%]
tests/test_sandbox_phase7_network.py::test_network_policy_validate_destination PASSED [ 64%]
tests/test_sandbox_phase7_network.py::test_network_policy_dns_rebinding_protection PASSED [ 64%]
tests/test_sandbox_phase7_network.py::test_sandbox_network_deny_all[asyncio] SKIPPED [ 65%]
tests/test_sandbox_phase7_network.py::test_sandbox_network_localhost_only[asyncio] SKIPPED [ 65%]
tests/test_sandbox_phase7_network.py::test_sandbox_network_unsupported_policies_fail_closed[asyncio] PASSED [ 65%]
tests/test_sandbox_phase8_secrets.py::test_secret_policy_docker_deny_all[asyncio] SKIPPED [ 66%]
tests/test_sandbox_phase8_secrets.py::test_secret_policy_docker_allow_explicit[asyncio] SKIPPED [ 66%]
tests/test_sandbox_phase8_secrets.py::test_secret_policy_host_fails_closed_on_deny[asyncio] PASSED [ 66%]
tests/test_sandbox_phase8_secrets.py::test_secret_policy_host_allow_all[asyncio] PASSED [ 67%]
tests/test_sandbox_phase8_secrets.py::test_docker_argv_no_leakage[asyncio] PASSED [ 67%]
tests/test_sandbox_phase8_secrets.py::test_docker_env_file_cleanup[asyncio] SKIPPED [ 67%]
tests/test_sandbox_phase8_secrets.py::test_cow_secret_staging_blocked[asyncio] PASSED [ 68%]
tests/test_sandbox_phase8_secrets.py::test_process_inheritance_isolation[asyncio] SKIPPED [ 68%]
tests/test_sandbox_r2_security.py::test_process_tree_grandchild_terminated[asyncio] PASSED [ 68%]
tests/test_sandbox_r2_security.py::test_sigterm_ignored_sigkill_escalation[asyncio] PASSED [ 69%]
tests/test_sandbox_r2_security.py::test_setsid_escape_documented[asyncio] SKIPPED [ 69%]
tests/test_sandbox_r2_security.py::test_docker_autocommit_uses_staged_changes[asyncio] SKIPPED [ 69%]
tests/test_sandbox_r2_security.py::test_process_normal_execution[asyncio] PASSED [ 70%]
tests/test_sandbox_r2_security.py::test_process_cancellation[asyncio] PASSED [ 70%]
tests/test_sandbox_r2_security.py::test_process_timeout[asyncio] PASSED  [ 70%]
tests/test_sandbox_r2_security.py::test_linux_pdeathsig_receives_signal[asyncio] SKIPPED [ 71%]
tests/test_sandbox_r2_security.py::test_cow_external_modification_detected PASSED [ 71%]
tests/test_sandbox_r2_security.py::test_cow_external_deletion_detected PASSED [ 71%]
tests/test_sandbox_r2_security.py::test_cow_external_replacement_detected PASSED [ 72%]
tests/test_sandbox_r2_security.py::test_cow_modify_restore_detected PASSED [ 72%]
tests/test_sandbox_r2_security.py::test_cow_new_file_commits_successfully PASSED [ 72%]
tests/test_sandbox_r2_security.py::test_docker_ulimit_nofile_and_cpu_generated PASSED [ 73%]
tests/test_sandbox_r2_security.py::test_docker_tar_safety_flags_present SKIPPED [ 73%]
tests/test_sandbox_remote_auth.py::test_auth_success PASSED              [ 73%]
tests/test_sandbox_remote_auth.py::test_auth_failure PASSED              [ 74%]
tests/test_sandbox_remote_auth.py::test_multi_tenant PASSED              [ 74%]
tests/test_sandbox_remote_auth.py::test_server_refuses_non_loopback_without_mtls PASSED [ 74%]
tests/test_sandbox_remote_security.py::test_zip_slip_prevention PASSED   [ 75%]
tests/test_sandbox_resource_bombs.py::test_memory_exhaustion_bomb[asyncio] SKIPPED [ 75%]
tests/test_sandbox_resource_bombs.py::test_storage_exhaustion_bomb[asyncio] SKIPPED [ 75%]
tests/test_sandbox_security.py::test_toctou_symlink_escape_prevented SKIPPED [ 76%]
tests/test_sandbox_security.py::test_toctou_safe_read_regular_file PASSED [ 76%]
tests/test_sandbox_security.py::test_path_traversal_unix_style PASSED    [ 76%]
tests/test_sandbox_security.py::test_path_traversal_backslash_style PASSED [ 77%]
tests/test_sandbox_security.py::test_policy_case_bypass_prevented PASSED [ 77%]
tests/test_sandbox_security.py::test_policy_normalize_separators PASSED  [ 77%]
tests/test_sandbox_security.py::test_policy_unicode_normalization PASSED [ 78%]
tests/test_sandbox_security.py::test_cow_original_unchanged_before_commit PASSED [ 78%]
tests/test_sandbox_security.py::test_cow_discard_restores_original PASSED [ 78%]
tests/test_sandbox_security.py::test_cow_diff_preview PASSED             [ 79%]
tests/test_sandbox_security.py::test_file_size_limit_enforcement PASSED  [ 79%]
tests/test_sandbox_security.py::test_normal_file_read_works PASSED       [ 79%]
tests/test_sandbox_security.py::test_secret_scrubber_redos_resistance PASSED [ 80%]
tests/test_sandbox_security.py::test_secret_scrubber_exact_values PASSED [ 80%]
tests/test_sandbox_security.py::test_secret_scrubber_ssh_key PASSED      [ 80%]
tests/test_sandbox_security.py::test_sandbox_unavailable_error_raised[asyncio] PASSED [ 81%]
tests/test_sandbox_security.py::test_sandbox_host_fallback_explicit_optin[asyncio] PASSED [ 81%]
tests/test_sandbox_security.py::test_container_overlay_extraction[asyncio] SKIPPED [ 81%]
tests/test_sandbox_security.py::test_docker_unavailable_no_implicit_host_fallback[asyncio] PASSED [ 82%]
tests/test_sandbox_security.py::test_docker_initialization_failure_no_fallback[asyncio] PASSED [ 82%]
tests/test_sandbox_security.py::test_remote_backend_available_selection[asyncio] PASSED [ 82%]
tests/test_sandbox_security.py::test_no_secure_backend_fails_closed[asyncio] PASSED [ 83%]
tests/test_sandbox_security.py::test_explicit_unsafe_mode_works[asyncio] PASSED [ 83%]
tests/test_sandbox_security.py::test_secure_policy_against_host_backend_rejected[asyncio] PASSED [ 83%]
tests/test_sandbox_security.py::test_policy_deny_by_default PASSED       [ 84%]
tests/test_sandbox_security.py::test_policy_unknown_action_denied PASSED [ 84%]
tests/test_sandbox_security.py::test_environment_sanitization PASSED     [ 84%]
tests/test_sandbox_security.py::test_log_injection_prevented PASSED      [ 85%]
tests/test_sandbox_security.py::test_output_truncation PASSED            [ 85%]
tests/test_sandbox_security.py::test_output_within_limit_not_truncated PASSED [ 85%]
tests/test_sandbox_security.py::test_concurrent_transactions_isolated PASSED [ 86%]
tests/test_sandbox_security.py::test_staging_file_size_limit PASSED      [ 86%]
tests/test_sandbox_security.py::test_staging_concurrent_transaction_limit PASSED [ 86%]
tests/test_sandbox_security.py::test_docker_workspace_mounted_readonly PASSED [ 87%]
tests/test_sandbox_security.py::test_docker_user_is_nobody PASSED        [ 87%]
tests/test_sandbox_security.py::test_docker_memory_swap_limited PASSED   [ 87%]
tests/test_sandbox_security.py::test_sandbox_unavailable_error_message PASSED [ 88%]
tests/test_sandbox_security.py::test_sandbox_security_error_includes_context PASSED [ 88%]
tests/test_sandbox_security.py::test_sandbox_resource_error_includes_limit PASSED [ 88%]
tests/test_sandbox_security.py::test_windows_toctou_mitigation PASSED    [ 89%]
tests/test_session_manager.py::test_session_creation PASSED              [ 89%]
tests/test_session_manager.py::test_add_conversation_turn PASSED         [ 89%]
tests/test_session_manager.py::test_session_archiving PASSED             [ 90%]
tests/test_session_manager.py::test_session_resume PASSED                [ 90%]
tests/test_session_manager.py::test_auto_recovery_on_startup PASSED      [ 90%]
tests/test_session_manager.py::test_session_event_bus_emission PASSED    [ 91%]
tests/test_software_engineer.py::test_execute_feature_happy_path PASSED  [ 91%]
tests/test_software_engineer.py::test_execute_feature_cancellation PASSED [ 91%]
tests/test_streaming.py::test_streaming_event_sequence PASSED            [ 92%]
tests/test_streaming.py::test_tool_execution_streaming PASSED            [ 92%]
tests/test_streaming.py::test_cancellation_token_interruption PASSED     [ 92%]
tests/test_streaming.py::test_task_manager_progress_sync PASSED          [ 93%]
tests/test_streaming.py::test_json_rpc_ask_stream PASSED                 [ 93%]
tests/test_task_manager.py::test_task_model_serialization PASSED         [ 93%]
tests/test_task_manager.py::test_priority_ordering PASSED                [ 94%]
tests/test_task_manager.py::test_lifecycle_transitions PASSED            [ 94%]
tests/test_task_manager.py::test_task_cancellation PASSED                [ 94%]
tests/test_task_manager.py::test_checkpoint_saving_and_restoration PASSED [ 95%]
tests/test_task_manager.py::test_persistence_across_store PASSED         [ 95%]
tests/test_task_manager.py::test_event_bus_emission PASSED               [ 95%]
tests/test_task_manager.py::test_unresolved_dependencies_guard PASSED    [ 96%]
tests/test_task_manager.py::test_task_tool_integration PASSED            [ 96%]
tests/test_telemetry.py::test_cost_tracker_token_counting_and_pricing PASSED [ 96%]
tests/test_telemetry.py::test_cost_tracker_token_budget_exceeded PASSED  [ 97%]
tests/test_telemetry.py::test_cost_tracker_cost_budget_exceeded PASSED   [ 97%]
tests/test_telemetry.py::test_cost_tracker_reset PASSED                  [ 97%]
tests/test_telemetry.py::test_telemetry_logger_event_formatting PASSED   [ 98%]
tests/test_tool_registry.py::test_registry_discovers_and_executes_registered_tool PASSED [ 98%]
tests/test_tool_registry.py::test_registry_checks_permission_before_execution PASSED [ 98%]
tests/test_tool_registry.py::test_registry_rejects_duplicate_names_and_supports_parallel_execution PASSED [ 99%]
tests/test_verification.py::test_detects_python_javascript_and_java_test_runners PASSED [ 99%]
tests/test_verification.py::test_verification_retries_approved_repairs_up_to_a_passing_result PASSED [ 99%]
tests/test_verification.py::test_verification_stops_after_three_repair_attempts PASSED [100%]

============================== warnings summary ===============================
tests/test_sandbox_phase3.py::test_host_backend_execution[asyncio]
  C:\Users\sindh\OneDrive\Desktop\pulse\tests\test_sandbox_phase3.py:74: _SecurityWarning: HostBackend.execute(): Running untrusted code directly on host without container isolation. This is NOT safe for production use.
    result = await backend.execute(

tests/test_sandbox_phase5.py::test_sandbox_facade_execute_command[asyncio]
tests/test_sandbox_phase5.py::test_safe_git_and_safe_python[asyncio]
tests/test_sandbox_phase8_secrets.py::test_secret_policy_host_allow_all[asyncio]
tests/test_sandbox_r2_security.py::test_process_tree_grandchild_terminated[asyncio]
tests/test_sandbox_r2_security.py::test_sigterm_ignored_sigkill_escalation[asyncio]
tests/test_sandbox_security.py::test_sandbox_host_fallback_explicit_optin[asyncio]
  C:\Users\sindh\OneDrive\Desktop\pulse\src\pulse\sandbox\api.py:397: _SecurityWarning: HostBackend.execute(): Running untrusted code directly on host without container isolation. This is NOT safe for production use.
    result = await self.backend.execute(

tests/test_sandbox_phase7_network.py::test_sandbox_network_unsupported_policies_fail_closed[asyncio]
  C:\Users\sindh\OneDrive\Desktop\pulse\tests\test_sandbox_phase7_network.py:162: _SecurityWarning: No container engine (Docker/Podman) found. Falling back to HostBackend ù untrusted code will execute directly on the host. This is NOT safe for production use with untrusted AI-generated code.
    await sandbox.initialize()

tests/test_sandbox_security.py::test_explicit_unsafe_mode_works[asyncio]
  C:\Users\sindh\OneDrive\Desktop\pulse\tests\test_sandbox_security.py:774: _SecurityWarning: No container engine (Docker/Podman) found. Falling back to HostBackend ù untrusted code will execute directly on the host. This is NOT safe for production use with untrusted AI-generated code.
    await sandbox.initialize()

tests/test_sandbox_security.py::test_secure_policy_against_host_backend_rejected[asyncio]
  C:\Users\sindh\OneDrive\Desktop\pulse\tests\test_sandbox_security.py:802: _SecurityWarning: No container engine (Docker/Podman) found. Falling back to HostBackend ù untrusted code will execute directly on the host. This is NOT safe for production use with untrusted AI-generated code.
    await sandbox.initialize()

-- Docs: https://docs.pytest.org/en/stable/how-to/capture-warnings.html
========== 285 passed, 16 skipped, 10 warnings in 107.00s (0:01:46) ===========
